<?xml version="1.0" encoding="UTF-8"?>
<testng-results ignored="0" total="1" passed="1" failed="0" skipped="0">
  <reporter-output>
  </reporter-output>
  <suite started-at="2020-10-10T11:21:08 IST" name="Default suite" finished-at="2020-10-10T11:21:48 IST" duration-ms="40038">
    <groups>
    </groups>
    <test started-at="2020-10-10T11:21:08 IST" name="Default test" finished-at="2020-10-10T11:21:48 IST" duration-ms="40038">
      <class name="com.Tests.cleartripTest">
        <test-method is-config="true" signature="beforeClass()[pri:0, instance:com.Tests.cleartripTest@7a4ccb53]" started-at="2020-10-10T11:21:08 IST" name="beforeClass" finished-at="2020-10-10T11:21:38 IST" duration-ms="30169" status="PASS">
          <reporter-output>
          </reporter-output>
        </test-method> <!-- beforeClass -->
        <test-method signature="f()[pri:0, instance:com.Tests.cleartripTest@7a4ccb53]" started-at="2020-10-10T11:21:38 IST" name="f" finished-at="2020-10-10T11:21:47 IST" duration-ms="9167" status="PASS">
          <reporter-output>
          </reporter-output>
        </test-method> <!-- f -->
        <test-method is-config="true" signature="afterTest()[pri:0, instance:com.Tests.cleartripTest@7a4ccb53]" started-at="2020-10-10T11:21:47 IST" name="afterTest" finished-at="2020-10-10T11:21:48 IST" duration-ms="653" status="PASS">
          <reporter-output>
          </reporter-output>
        </test-method> <!-- afterTest -->
      </class> <!-- com.Tests.cleartripTest -->
    </test> <!-- Default test -->
  </suite> <!-- Default suite -->
</testng-results>
